<?xml version="1.0" encoding="UTF-8"?>
<!-- Generated by org.testng.reporters.JUnitReportReporter -->
<testsuite hostname="kiran" failures="0" tests="1" name="script.TestDemo" time="15.617" errors="0" timestamp="28 Sep 2018 09:59:38 GMT" skipped="0">
  <testcase classname="script.TestDemo" name="testA" time="15.617"/>
</testsuite> <!-- script.TestDemo -->
