<?xml version="1.0" encoding="UTF-8"?>
<!-- Generated by org.testng.reporters.JUnitReportReporter -->
<testsuite hostname="kiran" failures="0" tests="1" name="script.TestDemo" time="6.695" errors="0" timestamp="26 Sep 2018 09:35:08 GMT" skipped="0">
  <testcase classname="script.TestDemo" name="testA" time="6.695"/>
</testsuite> <!-- script.TestDemo -->
