<?xml version="1.0" encoding="UTF-8"?>
<!-- Generated by org.testng.reporters.JUnitReportReporter -->
<testsuite hostname="kiran" failures="0" tests="1" name="script.TestDemo2" time="5.486" errors="0" timestamp="28 Sep 2018 08:27:45 GMT" skipped="0">
  <testcase classname="script.TestDemo2" name="testB" time="5.486"/>
</testsuite> <!-- script.TestDemo2 -->
