<?xml version="1.0" encoding="UTF-8"?>
<!-- Generated by org.testng.reporters.JUnitReportReporter -->
<testsuite hostname="kiran" failures="0" tests="1" name="script.TestDemo" time="14.211" errors="0" timestamp="27 Sep 2018 06:42:01 GMT" skipped="0">
  <testcase classname="script.TestDemo" name="testA" time="14.211"/>
</testsuite> <!-- script.TestDemo -->
