<?xml version="1.0" encoding="UTF-8"?>
<!-- Generated by org.testng.reporters.JUnitReportReporter -->
<testsuite hostname="kiran" failures="0" tests="1" name="script.TestLoginLogout" time="19.812" errors="0" timestamp="01 Oct 2018 07:03:35 GMT" skipped="0">
  <testcase classname="script.TestLoginLogout" name="testLoginLogout" time="19.812"/>
</testsuite> <!-- script.TestLoginLogout -->
